2026-03-18 13:33:35.063 UTC INFO [admin1] Initializing PRIMARY Admin for store: mystore
2026-03-18 13:33:35.049 UTC INFO [admin1] Non-compressing file handler: Created with limit=5242880 count=20
2026-03-18 13:33:35.069 UTC INFO [admin1] Created new admin environment dir: /kvroot/admin/admin1/env
2026-03-18 13:33:35.071 UTC INFO [admin1] JVM Runtime maxMemory (bytes): 134217728
2026-03-18 13:33:35.071 UTC INFO [admin1] Non-default JE properties for environment: {je.cleaner.threads=2, je.evictor.criticalPercentage=20, je.maxDisk=1073741824, je.cleaner.minUtilization=40, je.log.numBuffers=16, je.lock.timeout=10 s, je.env.runVerifier=false, je.cleaner.readSize=1048576, je.log.writeQueueSize=2097152, je.log.fileCacheSize=2000, je.log.iteratorReadSize=1048576, je.log.fileMax=52428800, je.lock.nLockTables=97, je.env.runEvictor=true, je.cleaner.minFileUtilization=5, je.txn.durability=write_no_sync,write_no_sync,simple_majority, je.log.faultReadSize=4096, je.nodeMaxEntries=128}
2026-03-18 13:33:35.078 UTC INFO [admin1] DataChannelFactory: basic
2026-03-18 13:33:35.079 UTC INFO [admin1] AdminStateTracker-serviceId-admin1 thread start: admin1
2026-03-18 13:33:35.117 UTC INFO [admin1] JE: Coordinating tasks:JEBackupManagerCopyLogFile, JELogFlusherASync, JEDataEviction, JELogFlusherSync, JEINCompressor, JEINCheckpointer, JECleaner, JEVerifyBtree, JEOutputStats, JEVerifyLog, JEDataErasureMax real permits:20
2026-03-18 13:33:35.286 UTC INFO [admin1] JE: Ack expiry timer period:1000000000 ns
2026-03-18 13:33:35.316 UTC INFO [admin1] JE recovery: POPULATE_UTILIZATION_PROFILE
2026-03-18 13:33:35.334 UTC INFO [admin1] JE recovery: POPULATE_EXPIRATION_PROFILE
2026-03-18 13:33:35.343 UTC INFO [admin1] JE recovery: CKPT
2026-03-18 13:33:35.344 UTC INFO [admin1] JE: Checkpoint Start.Checkpoint Id=1
2026-03-18 13:33:35.355 UTC INFO [admin1] JE: Checkpoint End. Checkpoint Id=1 success=true
2026-03-18 13:33:35.360 UTC INFO [admin1] JE recovery: RECOVERY_FINISHED
2026-03-18 13:33:35.361 UTC INFO [admin1] JE: The following ConfigParam(s) in je.properties is/are deprecated and removed, hence the configuration(s) won't take any effect: je.rep.txnRollbackLimit, je.rep.preserveRecordVersion, je.rep.txnRollbackDisabled
2026-03-18 13:33:35.373 UTC INFO [admin1] JE: No server auth method
2026-03-18 13:33:35.376 UTC INFO [admin1] JE: Started ServiceDispatcher. HostPort=sn1:5010
2026-03-18 13:33:35.377 UTC INFO [admin1] JE: DataChannel factory: com.sleepycat.je.rep.utilint.net.SimpleChannelFactory
2026-03-18 13:33:35.401 UTC INFO [admin1] JE: DTVLSN at start:0
2026-03-18 13:33:35.404 UTC INFO [admin1] JE: State change from DETACHED to UNKNOWN with masterId=NullNode(-1), masterTerm=0(NULL_TERM)
2026-03-18 13:33:35.415 UTC INFO [admin1] JE: Learner started
2026-03-18 13:33:35.417 UTC INFO [admin1] JE: Acceptor started
2026-03-18 13:33:35.417 UTC INFO [admin1] JE: Current group size: 0
2026-03-18 13:33:35.417 UTC INFO [admin1] JE: The very first group start up with node 1(-1)
2026-03-18 13:33:35.424 UTC INFO [admin1] JE: 1 persisted to election state file: {"promisedProposal":"00000179cf2b6c00179cf2b6c00(MIN_TERM)"}
2026-03-18 13:33:35.425 UTC INFO [admin1] JE: 1 no barrier needed, initialized promised term to 179cf2b6c00(MIN_TERM)
2026-03-18 13:33:35.429 UTC INFO [admin1] JE: Learner notified. Proposal:0000019d0126d541:e8a1a226b5dd5b00728d36c3f6e24a90:00000001[19d0126d541(2026-03-18T13:33:35.425Z)] Value: Value:sn1$$$5010$$$1$$$1
2026-03-18 13:33:35.429 UTC INFO [admin1] JE: Master changed to 1 at term 19d0126d541(2026-03-18T13:33:35.425Z), group status: empty.
2026-03-18 13:33:35.429 UTC INFO [admin1] JE: Nascent group. 1 is master by virtue of being the first node.
2026-03-18 13:33:35.430 UTC INFO [admin1] JE: State change from UNKNOWN to MASTER with masterId=1(1), masterTerm=19d0126d541(2026-03-18T13:33:35.425Z)
2026-03-18 13:33:35.447 UTC INFO [admin1] JE: Successfully added node:1(1) HostPort = sn1: 5010 [ELECTABLE]
2026-03-18 13:33:35.449 UTC INFO [admin1] JE recovery: BECOME_CONSISTENT
2026-03-18 13:33:35.449 UTC INFO [admin1] JE: Node 1 started
2026-03-18 13:33:35.450 UTC INFO [admin1] JE: State change from MASTER to UNKNOWN with masterId=NullNode(-1), masterTerm=0(NULL_TERM)
2026-03-18 13:33:35.451 UTC INFO [admin1] JE: State change from UNKNOWN to MASTER with masterId=1(1), masterTerm=19d0126d541(2026-03-18T13:33:35.425Z)
2026-03-18 13:33:35.473 UTC INFO [admin1] JE: Feeder manager accepting requests.
2026-03-18 13:33:35.474 UTC INFO [admin1] JE: Joining group as master
2026-03-18 13:33:35.478 UTC INFO [admin1] LIFECYCLE Replication state change: state=MASTER type=PRIMARY master=1 time=2026-03-18 13:33:35.451 UTC
2026-03-18 13:33:35.479 UTC INFO [admin1] AdminStateTracker-serviceId-admin1 queue added:MASTER
2026-03-18 13:33:35.479 UTC INFO [admin1] Shutting down monitor collector
2026-03-18 13:33:35.484 UTC INFO [admin1] Initializing Admin Schema to schema version 5/NoSQL DB 25.3.21 2025-12-19 19:10:14 UTC  Build id: 60eebbcaec4d Edition: Community
2026-03-18 13:33:35.506 UTC INFO [admin1] Initialize stores at schema version 5, readOnly=false
2026-03-18 13:33:35.510 UTC INFO [admin1] Open: AdminCriticalEventsDatabase
2026-03-18 13:33:35.511 UTC INFO [admin1] Open: AdminParametersDatabase
2026-03-18 13:33:35.512 UTC INFO [admin1] Open: AdminMemoDatabase
2026-03-18 13:33:35.514 UTC INFO [admin1] Open: AdminPlanDatabase
2026-03-18 13:33:35.515 UTC INFO [admin1] Open: AdminSecurityDatabase
2026-03-18 13:33:35.516 UTC INFO [admin1] Open: AdminTableDatabase
2026-03-18 13:33:35.518 UTC INFO [admin1] Open: AdminTopologyHistoryDatabase
2026-03-18 13:33:35.519 UTC INFO [admin1] Open: AdminTopologyCandidateDatabase
2026-03-18 13:33:35.520 UTC INFO [admin1] Initializing Admin database
2026-03-18 13:33:35.542 UTC INFO [admin1] Admin database initialized
2026-03-18 13:33:35.554 UTC INFO [admin1] Starting Thread[System table monitor,5,main]
2026-03-18 13:33:35.554 UTC INFO [admin1] Checking status of system tables
2026-03-18 13:33:35.562 UTC INFO [admin1] Replicated environment handle established. Cache size: 80530636, State: MASTER
2026-03-18 13:33:35.698 UTC INFO [admin1] Starting task: interval is 20 SECONDS, delay is 4303(ms)
2026-03-18 13:33:35.701 UTC INFO [admin1] Software versions: NoSQL version: 25.3.21 2025-12-19 19:10:14 UTC  Build id: 60eebbcaec4d Edition: Community, JE version: 25.3.17, Java version: 17.0.9
2026-03-18 13:33:35.701 UTC INFO [admin1] Configured Admin for store: mystore
2026-03-18 13:33:35.703 UTC INFO [admin1] Admin web service is not starting up, web port: -1
2026-03-18 13:33:35.792 UTC INFO [admin1] Plan 1 [SYS$Create system table SYS$PartitionStatsLease] approved
2026-03-18 13:33:35.795 UTC INFO [admin1] Plan 1 [SYS$Create system table SYS$PartitionStatsLease] started, 1 tasks
2026-03-18 13:33:35.805 UTC INFO [admin1] Plan 1 [SYS$Create system table SYS$PartitionStatsLease] task [AddTable SYS$PartitionStatsLease] [1] started
2026-03-18 13:33:35.829 UTC INFO [admin1] Plan 2 [Deploy Zone] approved
2026-03-18 13:33:35.838 UTC INFO [admin1] Plan 2 [Deploy Zone] started, 1 tasks
2026-03-18 13:33:35.852 UTC INFO [admin1] Plan 2 [Deploy Zone] task [DeployDatacenter zone=Bangalore] [1] started
2026-03-18 13:33:35.862 UTC INFO [admin1] Plan 2 [Deploy Zone] task [DeployDatacenter zone=Bangalore] [1] ended, state=SUCCEEDED
2026-03-18 13:33:35.869 UTC INFO [admin1] Plan 2 [Deploy Zone] ended, state=SUCCEEDED
2026-03-18 13:33:35.922 UTC INFO [admin1] Plan 1 [SYS$Create system table SYS$PartitionStatsLease] task [AddTable SYS$PartitionStatsLease] [1] ended, state=SUCCEEDED
2026-03-18 13:33:35.926 UTC INFO [admin1] Plan 1 [SYS$Create system table SYS$PartitionStatsLease] ended, state=SUCCEEDED
2026-03-18 13:33:35.942 UTC INFO [admin1] Plan 3 [SYS$Create system table SYS$MRTableInfo] approved
2026-03-18 13:33:35.942 UTC INFO [admin1] Plan 3 [SYS$Create system table SYS$MRTableInfo] started, 1 tasks
2026-03-18 13:33:35.946 UTC INFO [admin1] Plan 3 [SYS$Create system table SYS$MRTableInfo] task [AddTable SYS$MRTableInfo] [1] started
2026-03-18 13:33:35.961 UTC INFO [admin1] Plan 4 [Deploy Storage Node] approved
2026-03-18 13:33:35.963 UTC INFO [admin1] Plan 3 [SYS$Create system table SYS$MRTableInfo] task [AddTable SYS$MRTableInfo] [1] ended, state=SUCCEEDED
2026-03-18 13:33:35.967 UTC INFO [admin1] Plan 4 [Deploy Storage Node] started, 1 tasks
2026-03-18 13:33:35.971 UTC INFO [admin1] Plan 4 [Deploy Storage Node] task [DeploySN sn1(sn1:5000) zone=zn1] [1] started
2026-03-18 13:33:35.970 UTC INFO [admin1] Plan 3 [SYS$Create system table SYS$MRTableInfo] ended, state=SUCCEEDED
2026-03-18 13:33:35.975 UTC INFO [admin1] Plan 5 [SYS$Create system table SYS$MRTableInitCheckpoint] approved
2026-03-18 13:33:35.976 UTC INFO [admin1] Plan 5 [SYS$Create system table SYS$MRTableInitCheckpoint] started, 1 tasks
2026-03-18 13:33:35.982 UTC INFO [admin1] Plan 5 [SYS$Create system table SYS$MRTableInitCheckpoint] task [AddTable SYS$MRTableInitCheckpoint] [1] started
2026-03-18 13:33:35.992 UTC INFO [admin1] Plan 6 [SYS$Create system table SYS$SGAttributesTable] approved
2026-03-18 13:33:35.992 UTC INFO [admin1] Plan 6 [SYS$Create system table SYS$SGAttributesTable] started, 1 tasks
2026-03-18 13:33:35.995 UTC INFO [admin1] Plan 6 [SYS$Create system table SYS$SGAttributesTable] task [AddTable SYS$SGAttributesTable] [1] started
2026-03-18 13:33:36.005 UTC INFO [admin1] Plan 5 [SYS$Create system table SYS$MRTableInitCheckpoint] task [AddTable SYS$MRTableInitCheckpoint] [1] ended, state=SUCCEEDED
2026-03-18 13:33:36.012 UTC INFO [admin1] Plan 5 [SYS$Create system table SYS$MRTableInitCheckpoint] ended, state=SUCCEEDED
2026-03-18 13:33:36.019 UTC INFO [admin1] Plan 7 [SYS$Create system table SYS$MRTableAgentStat] approved
2026-03-18 13:33:36.020 UTC INFO [admin1] Plan 7 [SYS$Create system table SYS$MRTableAgentStat] started, 1 tasks
2026-03-18 13:33:36.021 UTC INFO [admin1] Plan 6 [SYS$Create system table SYS$SGAttributesTable] task [AddTable SYS$SGAttributesTable] [1] ended, state=SUCCEEDED
2026-03-18 13:33:36.028 UTC INFO [admin1] Plan 7 [SYS$Create system table SYS$MRTableAgentStat] task [AddTable SYS$MRTableAgentStat] [1] started
2026-03-18 13:33:36.029 UTC INFO [admin1] Plan 6 [SYS$Create system table SYS$SGAttributesTable] ended, state=SUCCEEDED
2026-03-18 13:33:36.037 UTC INFO [admin1] Plan 8 [SYS$Create system table SYS$TableMetadata] approved
2026-03-18 13:33:36.037 UTC INFO [admin1] Plan 8 [SYS$Create system table SYS$TableMetadata] started, 1 tasks
2026-03-18 13:33:36.046 UTC INFO [admin1] Plan 8 [SYS$Create system table SYS$TableMetadata] task [AddTable SYS$TableMetadata] [1] started
2026-03-18 13:33:36.049 UTC INFO [admin1] Plan 7 [SYS$Create system table SYS$MRTableAgentStat] task [AddTable SYS$MRTableAgentStat] [1] ended, state=SUCCEEDED
2026-03-18 13:33:36.057 UTC INFO [admin1] Plan 7 [SYS$Create system table SYS$MRTableAgentStat] ended, state=SUCCEEDED
2026-03-18 13:33:36.063 UTC INFO [admin1] Plan 9 [SYS$Create system table SYS$TableStatsIndex] approved
2026-03-18 13:33:36.063 UTC INFO [admin1] Plan 9 [SYS$Create system table SYS$TableStatsIndex] started, 1 tasks
2026-03-18 13:33:36.067 UTC INFO [admin1] Plan 8 [SYS$Create system table SYS$TableMetadata] task [AddTable SYS$TableMetadata] [1] ended, state=SUCCEEDED
2026-03-18 13:33:36.071 UTC INFO [admin1] Plan 9 [SYS$Create system table SYS$TableStatsIndex] task [AddTable SYS$TableStatsIndex] [1] started
2026-03-18 13:33:36.076 UTC INFO [admin1] Plan 8 [SYS$Create system table SYS$TableMetadata] ended, state=SUCCEEDED
2026-03-18 13:33:36.077 UTC INFO [admin1] Plan 10 [SYS$Create system table SYS$StreamRequest] approved
2026-03-18 13:33:36.079 UTC INFO [admin1] Plan 10 [SYS$Create system table SYS$StreamRequest] started, 1 tasks
2026-03-18 13:33:36.082 UTC INFO [admin1] Plan 10 [SYS$Create system table SYS$StreamRequest] task [AddTable SYS$StreamRequest] [1] started
2026-03-18 13:33:36.086 UTC INFO [admin1] Plan 9 [SYS$Create system table SYS$TableStatsIndex] task [AddTable SYS$TableStatsIndex] [1] ended, state=SUCCEEDED
2026-03-18 13:33:36.088 UTC INFO [admin1] Plan 11 [SYS$Create system table SYS$TableStatsPartition] approved
2026-03-18 13:33:36.089 UTC INFO [admin1] Plan 11 [SYS$Create system table SYS$TableStatsPartition] started, 1 tasks
2026-03-18 13:33:36.090 UTC INFO [admin1] Plan 9 [SYS$Create system table SYS$TableStatsIndex] ended, state=SUCCEEDED
2026-03-18 13:33:36.092 UTC INFO [admin1] Plan 11 [SYS$Create system table SYS$TableStatsPartition] task [AddTable SYS$TableStatsPartition] [1] started
2026-03-18 13:33:36.096 UTC INFO [admin1] Plan 10 [SYS$Create system table SYS$StreamRequest] task [AddTable SYS$StreamRequest] [1] ended, state=SUCCEEDED
2026-03-18 13:33:36.107 UTC INFO [admin1] Plan 10 [SYS$Create system table SYS$StreamRequest] ended, state=SUCCEEDED
2026-03-18 13:33:36.136 UTC INFO [admin1] Plan 12 [SYS$Create system table SYS$StreamResponse] approved
2026-03-18 13:33:36.136 UTC INFO [admin1] Plan 11 [SYS$Create system table SYS$TableStatsPartition] task [AddTable SYS$TableStatsPartition] [1] ended, state=SUCCEEDED
2026-03-18 13:33:36.141 UTC INFO [admin1] Plan 12 [SYS$Create system table SYS$StreamResponse] started, 1 tasks
2026-03-18 13:33:36.148 UTC INFO [admin1] Plan 12 [SYS$Create system table SYS$StreamResponse] task [AddTable SYS$StreamResponse] [1] started
2026-03-18 13:33:36.148 UTC INFO [admin1] Plan 11 [SYS$Create system table SYS$TableStatsPartition] ended, state=SUCCEEDED
2026-03-18 13:33:36.152 UTC INFO [admin1] Plan 13 [SYS$Create system table SYS$IndexStatsLease] approved
2026-03-18 13:33:36.153 UTC INFO [admin1] Plan 13 [SYS$Create system table SYS$IndexStatsLease] started, 1 tasks
2026-03-18 13:33:36.156 UTC INFO [admin1] Plan 13 [SYS$Create system table SYS$IndexStatsLease] task [AddTable SYS$IndexStatsLease] [1] started
2026-03-18 13:33:36.160 UTC INFO [admin1] Plan 12 [SYS$Create system table SYS$StreamResponse] task [AddTable SYS$StreamResponse] [1] ended, state=SUCCEEDED
2026-03-18 13:33:36.164 UTC INFO [admin1] Plan 12 [SYS$Create system table SYS$StreamResponse] ended, state=SUCCEEDED
2026-03-18 13:33:36.180 UTC INFO [admin1] Plan 14 [SYS$Create system table SYS$TopologyHistory] approved
2026-03-18 13:33:36.181 UTC INFO [admin1] Plan 13 [SYS$Create system table SYS$IndexStatsLease] task [AddTable SYS$IndexStatsLease] [1] ended, state=SUCCEEDED
2026-03-18 13:33:36.181 UTC INFO [admin1] Plan 14 [SYS$Create system table SYS$TopologyHistory] started, 1 tasks
2026-03-18 13:33:36.184 UTC INFO [admin1] Plan 13 [SYS$Create system table SYS$IndexStatsLease] ended, state=SUCCEEDED
2026-03-18 13:33:36.187 UTC INFO [admin1] Plan 14 [SYS$Create system table SYS$TopologyHistory] task [AddTable SYS$TopologyHistory] [1] started
2026-03-18 13:33:36.205 UTC INFO [admin1] Plan 14 [SYS$Create system table SYS$TopologyHistory] task [AddTable SYS$TopologyHistory] [1] ended, state=SUCCEEDED
2026-03-18 13:33:36.208 UTC INFO [admin1] Plan 14 [SYS$Create system table SYS$TopologyHistory] ended, state=SUCCEEDED
2026-03-18 13:33:36.210 UTC WARNING [admin1] Failed to find SNA: java.rmi.NotBoundException: Service not found: hostName=sn1 registryPort=5000 bindingName=mystore:sn1:MAIN
2026-03-18 13:33:36.210 UTC WARNING [admin1] Failed to deliver plan progress to MgmtAgent
java.rmi.NoSuchObjectException: java.io.IOException: Attempt to access inactive service with dialog type 9, active type numbers:[1006]
	at oracle.kv.impl.util.registry.AsyncRegistryUtils.convertToRemoteException(AsyncRegistryUtils.java:998)
	at oracle.kv.impl.async.JavaSerialInitiatorProxy.invokeNonObject(JavaSerialInitiatorProxy.java:176)
	at oracle.kv.impl.util.AbstractInvocationHandler.invoke(AbstractInvocationHandler.java:107)
	at jdk.proxy1/jdk.proxy1.$Proxy0.updatePlanStatus(Unknown Source)
	at jdk.internal.reflect.GeneratedMethodAccessor11.invoke(Unknown Source)
	at java.base/jdk.internal.reflect.DelegatingMethodAccessorImpl.invoke(DelegatingMethodAccessorImpl.java:43)
	at java.base/java.lang.reflect.Method.invoke(Method.java:568)
	at oracle.kv.impl.util.AbstractInvocationHandler.invokeMethod(AbstractInvocationHandler.java:60)
	at oracle.kv.impl.security.ContextProxy$RemoteProxy.invokeAuth(ContextProxy.java:289)
	at oracle.kv.impl.security.ContextProxy.invokeNonObject(ContextProxy.java:132)
	at oracle.kv.impl.util.AbstractInvocationHandler.invoke(AbstractInvocationHandler.java:107)
	at jdk.proxy1/jdk.proxy1.$Proxy0.updatePlanStatus(Unknown Source)
	at oracle.kv.impl.sna.StorageNodeAgentAPI.updatePlanStatus(StorageNodeAgentAPI.java:801)
	at oracle.kv.impl.admin.AdminService$MgmtAgentPlanProgressTracker.lambda$newInfo$0(AdminService.java:1000)
	at oracle.kv.impl.admin.AdminService.doSnaCallback(AdminService.java:872)
	at oracle.kv.impl.admin.AdminService.lambda$withAsyncSnaCallback$1(AdminService.java:865)
	at java.base/java.util.concurrent.ThreadPoolExecutor.runWorker(ThreadPoolExecutor.java:1136)
	at java.base/java.util.concurrent.ThreadPoolExecutor$Worker.run(ThreadPoolExecutor.java:635)
	at java.base/java.lang.Thread.run(Thread.java:840)
2026-03-18 13:33:36.221 UTC INFO [admin1] Monitor collector: adding sn1 to monitoring
2026-03-18 13:33:36.228 UTC INFO [admin1] Plan 4 [Deploy Storage Node] task [DeploySN sn1(sn1:5000) zone=zn1] [1] ended, state=SUCCEEDED
2026-03-18 13:33:36.234 UTC INFO [admin1] Plan 4 [Deploy Storage Node] ended, state=SUCCEEDED
2026-03-18 13:33:36.244 UTC INFO [admin1] [sn1] Service status: STARTING 2026-03-18 13:33:36 UTC
2026-03-18 13:33:36.244 UTC INFO [admin1] [sn1] Service status: RUNNING 2026-03-18 13:33:36 UTC
2026-03-18 13:33:36.253 UTC INFO [admin1] Plan 15 [Deploy Admin Service] approved
2026-03-18 13:33:36.259 UTC INFO [admin1] Plan 15 [Deploy Admin Service] started, 3 tasks
2026-03-18 13:33:36.266 UTC INFO [admin1] Plan 15 [Deploy Admin Service] task [DeployAdmin admin1 on sn1] [1] started
2026-03-18 13:33:36.302 UTC INFO [admin1] newParameters called for Monitor
2026-03-18 13:33:36.311 UTC INFO [admin1] newGlobalParameters are identical to old global parameters
2026-03-18 13:33:36.317 UTC INFO [admin1] Plan 15 [Deploy Admin Service] task [DeployAdmin admin1 on sn1] [1] ended, state=SUCCEEDED
2026-03-18 13:33:36.317 UTC INFO [admin1] Plan 15 [Deploy Admin Service] task [WaitForAdminState admin1 to reach RUNNING] [2] started
2026-03-18 13:33:36.335 UTC INFO [admin1] Plan 15 [Deploy Admin Service] task [WaitForAdminState admin1 to reach RUNNING] [2] ended, state=SUCCEEDED
2026-03-18 13:33:36.335 UTC INFO [admin1] Plan 15 [Deploy Admin Service] task [UpdateAdminHelperHost null] [3] started
2026-03-18 13:33:36.341 UTC INFO [admin1] oracle.kv.impl.admin.param.Parameters@6b83200e changed helperHost to sn1:5010
2026-03-18 13:33:36.394 UTC INFO [admin1] Plan 15 [Deploy Admin Service] task [UpdateAdminHelperHost null] [3] ended, state=SUCCEEDED
2026-03-18 13:33:36.396 UTC INFO [admin1] Plan 15 [Deploy Admin Service] ended, state=SUCCEEDED
2026-03-18 13:33:36.405 UTC INFO [admin1] Created Storage Node Pool: BangalorePool
2026-03-18 13:33:36.425 UTC INFO [admin1] Added Storage Node sn1 to pool: BangalorePool
2026-03-18 13:33:36.442 UTC INFO [admin1] Plan 16 [Deploy Storage Node] approved
2026-03-18 13:33:36.445 UTC INFO [admin1] Plan 16 [Deploy Storage Node] started, 1 tasks
2026-03-18 13:33:36.449 UTC INFO [admin1] Plan 16 [Deploy Storage Node] task [DeploySN sn2(sn2:5000) zone=zn1] [1] started
2026-03-18 13:33:37.135 UTC INFO [admin1] Monitor collector: adding sn2 to monitoring
2026-03-18 13:33:37.139 UTC INFO [admin1] Plan 16 [Deploy Storage Node] task [DeploySN sn2(sn2:5000) zone=zn1] [1] ended, state=SUCCEEDED
2026-03-18 13:33:37.141 UTC INFO [admin1] Plan 16 [Deploy Storage Node] ended, state=SUCCEEDED
2026-03-18 13:33:37.152 UTC INFO [admin1] Added Storage Node sn2 to pool: BangalorePool
2026-03-18 13:33:37.155 UTC INFO [admin1] [sn2] Service status: STARTING 2026-03-18 13:33:36 UTC
2026-03-18 13:33:37.155 UTC INFO [admin1] [sn2] Service status: RUNNING 2026-03-18 13:33:37 UTC
2026-03-18 13:33:37.177 UTC INFO [admin1] Plan 17 [Deploy Storage Node] approved
2026-03-18 13:33:37.181 UTC INFO [admin1] Plan 17 [Deploy Storage Node] started, 1 tasks
2026-03-18 13:33:37.183 UTC INFO [admin1] Plan 17 [Deploy Storage Node] task [DeploySN sn3(sn3:5000) zone=zn1] [1] started
2026-03-18 13:33:37.833 UTC INFO [admin1] Monitor collector: adding sn3 to monitoring
2026-03-18 13:33:37.848 UTC INFO [admin1] [sn3] Service status: STARTING 2026-03-18 13:33:37 UTC
2026-03-18 13:33:37.848 UTC INFO [admin1] [sn3] Service status: RUNNING 2026-03-18 13:33:37 UTC
2026-03-18 13:33:37.851 UTC INFO [admin1] Plan 17 [Deploy Storage Node] task [DeploySN sn3(sn3:5000) zone=zn1] [1] ended, state=SUCCEEDED
2026-03-18 13:33:37.856 UTC INFO [admin1] Plan 17 [Deploy Storage Node] ended, state=SUCCEEDED
2026-03-18 13:33:37.865 UTC INFO [admin1] Added Storage Node sn3 to pool: BangalorePool
2026-03-18 13:33:37.888 UTC INFO [admin1] topo has nothing to rebalance
2026-03-18 13:33:37.930 UTC INFO [admin1] Plan 18 [Deploy Topo] approved
2026-03-18 13:33:37.942 UTC INFO [admin1] Plan 18 [Deploy Topo] deploying topology candidate topo.
2026-03-18 13:33:37.955 UTC INFO [admin1] Current topology: store=mystore  numPartitions=0 sequence=4
  zn: id=zn1 name=Bangalore repFactor=1 type=PRIMARY allowArbiters=false masterAffinity=false

  sn=[sn1] zn:[id=zn1 name=Bangalore] sn1:5000
  sn=[sn2] zn:[id=zn1 name=Bangalore] sn2:5000
  sn=[sn3] zn:[id=zn1 name=Bangalore] sn3:5000

  numShards=0

2026-03-18 13:33:37.957 UTC INFO [admin1] Preview of changes to be executed by Plan 18 [Deploy Topo]:
Topology transformation from current deployed topology to topo:
Create 3 shards 
Create 3 RNs 
Create 6 partitions 

shard rg1
  1 new RN : rg1-rn1 
  2 new partitions 
shard rg2
  1 new RN : rg2-rn1 
  2 new partitions 
shard rg3
  1 new RN : rg3-rn1 
  2 new partitions 

2026-03-18 13:33:37.958 UTC INFO [admin1] Target topology candidate: topo
store=mystore  numPartitions=6 sequence=16
  zn: id=zn1 name=Bangalore repFactor=1 type=PRIMARY allowArbiters=false masterAffinity=false

  sn=[sn1] zn:[id=zn1 name=Bangalore] sn1:5000
    [rg1-rn1]
  sn=[sn2] zn:[id=zn1 name=Bangalore] sn2:5000
    [rg2-rn1]
  sn=[sn3] zn:[id=zn1 name=Bangalore] sn3:5000
    [rg3-rn1]

  numShards=3
  shard=[rg1] num partitions=2
    [rg1-rn1] sn=sn1
  shard=[rg2] num partitions=2
    [rg2-rn1] sn=sn2
  shard=[rg3] num partitions=2
    [rg3-rn1] sn=sn3

2026-03-18 13:33:37.959 UTC INFO [admin1] Plan 18 [Deploy Topo] started, 17 tasks
2026-03-18 13:33:37.964 UTC INFO [admin1] Plan 18 [Deploy Topo] task [UpdateDatacenterV2 zone=zn1] [1] started
2026-03-18 13:33:37.973 UTC INFO [admin1] Plan 18 [Deploy Topo] task [UpdateDatacenterV2 zone=zn1] [1] ended, state=SUCCEEDED
2026-03-18 13:33:37.973 UTC INFO [admin1] Plan 18 [Deploy Topo] task [DeployShard on [sn1] zn:[id=zn1 name=Bangalore] sn1:5000 ] [2] started
2026-03-18 13:33:37.996 UTC INFO [admin1] Plan 18 [Deploy Topo] task [DeployShard rg1 on [sn1] zn:[id=zn1 name=Bangalore] sn1:5000 ] [2] ended, state=SUCCEEDED
2026-03-18 13:33:37.996 UTC INFO [admin1] Plan 18 [Deploy Topo] task [DeployNewRN on sn1(sn1:5000)] [3] started
2026-03-18 13:33:38.002 UTC INFO [admin1] Plan 18 [Deploy Topo] task [DeployNewRN rg1-rn1 on sn1(sn1:5000)] creating rg1-rn1 on sn1 haPort=sn1:5,011 helpers=sn1:5011 storage directory path=/kvroot/data directory size=10,737,418,240 log directory path =/kvroot/logs log directory size = 0 heapMB=1,392 cachePercent=70 cacheSize=unspecified -XX:ParallelGCThreads=70
2026-03-18 13:33:38.181 UTC INFO [admin1] Checking status of system tables
2026-03-18 13:33:38.221 UTC INFO [admin1] Plan 19 [SYS$Add index to system table SYS$TableMetadata:SeqIndex] approved
2026-03-18 13:33:38.221 UTC INFO [admin1] Plan 19 [SYS$Add index to system table SYS$TableMetadata:SeqIndex] started, 3 tasks
2026-03-18 13:33:38.223 UTC INFO [admin1] Plan 19 [SYS$Add index to system table SYS$TableMetadata:SeqIndex] task [StartAddIndex SYS$TableMetadata:SeqIndex] [1] started
2026-03-18 13:33:38.230 UTC INFO [admin1] Plan 19 [SYS$Add index to system table SYS$TableMetadata:SeqIndex] broadcasting TableMetadata[13, n:-, t:12, 13] for StartAddIndex SYS$TableMetadata:SeqIndex
2026-03-18 13:33:38.239 UTC INFO [admin1] Plan 19 [SYS$Add index to system table SYS$TableMetadata:SeqIndex] rg1-rn1 on sn1 cannot be contacted for TABLE metadata update to StartAddIndex SYS$TableMetadata:SeqIndex during broadcast: java.rmi.NotBoundException: Service not found: hostName=sn1 registryPort=5000 bindingName=mystore:rg1-rn1:ADMIN
2026-03-18 13:33:38.239 UTC INFO [admin1] Plan 19 [SYS$Add index to system table SYS$TableMetadata:SeqIndex] broadcast TABLE metadata to 1 out of 1 groups, will  retry, acceptable failure threshold=0, attempts=1
2026-03-18 13:33:40.224 UTC INFO [admin1] Checking status of system tables
2026-03-18 13:33:40.390 UTC INFO [admin1] Monitor collector: adding rg1-rn1 to monitoring
2026-03-18 13:33:40.407 UTC INFO [admin1] Plan 18 [Deploy Topo] task [DeployNewRN rg1-rn1 on sn1(sn1:5000)] [3] ended, state=SUCCEEDED
2026-03-18 13:33:40.408 UTC INFO [admin1] Plan 18 [Deploy Topo] task [UpdateNthRNHelperHost] [4] started
2026-03-18 13:33:40.412 UTC INFO [admin1] Changing helperHost for rg1-rn1 in metadata database  to sn1:5011
2026-03-18 13:33:40.481 UTC INFO [admin1] [rg1-rn1] Service status: STARTING 2026-03-18 13:33:38 UTC
2026-03-18 13:33:40.483 UTC INFO [admin1] [rg1-rn1] Service status: RUNNING 2026-03-18 13:33:39 UTC
2026-03-18 13:33:40.492 UTC INFO [admin1] Changed helperHost for rg1-rn1 on sn1 to sn1:5011
2026-03-18 13:33:40.505 UTC INFO [admin1] Plan 18 [Deploy Topo] task [UpdateNthRNHelperHost] [4] ended, state=SUCCEEDED
2026-03-18 13:33:40.505 UTC INFO [admin1] Plan 18 [Deploy Topo] task [NewNthRNParameters] [5] started
2026-03-18 13:33:40.559 UTC INFO [admin1] Plan 18 [Deploy Topo] task [NewNthRNParameters] [5] ended, state=SUCCEEDED
2026-03-18 13:33:40.560 UTC INFO [admin1] Plan 18 [Deploy Topo] task [DeployShard on [sn2] zn:[id=zn1 name=Bangalore] sn2:5000 ] [6] started
2026-03-18 13:33:40.579 UTC INFO [admin1] Plan 18 [Deploy Topo] task [DeployShard rg2 on [sn2] zn:[id=zn1 name=Bangalore] sn2:5000 ] [6] ended, state=SUCCEEDED
2026-03-18 13:33:40.580 UTC INFO [admin1] Plan 18 [Deploy Topo] task [DeployNewRN on sn2(sn2:5000)] [7] started
2026-03-18 13:33:40.584 UTC INFO [admin1] Plan 18 [Deploy Topo] task [DeployNewRN rg2-rn1 on sn2(sn2:5000)] creating rg2-rn1 on sn2 haPort=sn2:5,030 helpers=sn2:5030 storage directory path=/kvroot/data directory size=10,737,418,240 log directory path =/kvroot/logs log directory size = 0 heapMB=1,392 cachePercent=70 cacheSize=unspecified -XX:ParallelGCThreads=70
2026-03-18 13:33:42.227 UTC INFO [admin1] Checking status of system tables
2026-03-18 13:33:43.008 UTC INFO [admin1] Monitor collector: adding rg2-rn1 to monitoring
2026-03-18 13:33:43.019 UTC INFO [admin1] Plan 18 [Deploy Topo] task [DeployNewRN rg2-rn1 on sn2(sn2:5000)] [7] ended, state=SUCCEEDED
2026-03-18 13:33:43.020 UTC INFO [admin1] Plan 18 [Deploy Topo] task [UpdateNthRNHelperHost] [8] started
2026-03-18 13:33:43.022 UTC INFO [admin1] Changing helperHost for rg2-rn1 in metadata database  to sn2:5030
2026-03-18 13:33:43.028 UTC INFO [admin1] [rg2-rn1] Service status: STARTING 2026-03-18 13:33:41 UTC
2026-03-18 13:33:43.029 UTC INFO [admin1] [rg2-rn1] Service status: RUNNING 2026-03-18 13:33:42 UTC
2026-03-18 13:33:43.055 UTC INFO [admin1] Changed helperHost for rg2-rn1 on sn2 to sn2:5030
2026-03-18 13:33:43.063 UTC INFO [admin1] Plan 18 [Deploy Topo] task [UpdateNthRNHelperHost] [8] ended, state=SUCCEEDED
2026-03-18 13:33:43.064 UTC INFO [admin1] Plan 18 [Deploy Topo] task [NewNthRNParameters] [9] started
2026-03-18 13:33:43.126 UTC INFO [admin1] Plan 18 [Deploy Topo] task [NewNthRNParameters] [9] ended, state=SUCCEEDED
2026-03-18 13:33:43.127 UTC INFO [admin1] Plan 18 [Deploy Topo] task [DeployShard on [sn3] zn:[id=zn1 name=Bangalore] sn3:5000 ] [10] started
2026-03-18 13:33:43.153 UTC INFO [admin1] Plan 18 [Deploy Topo] task [DeployShard rg3 on [sn3] zn:[id=zn1 name=Bangalore] sn3:5000 ] [10] ended, state=SUCCEEDED
2026-03-18 13:33:43.154 UTC INFO [admin1] Plan 18 [Deploy Topo] task [DeployNewRN on sn3(sn3:5000)] [11] started
2026-03-18 13:33:43.159 UTC INFO [admin1] Plan 18 [Deploy Topo] task [DeployNewRN rg3-rn1 on sn3(sn3:5000)] creating rg3-rn1 on sn3 haPort=sn3:5,050 helpers=sn3:5050 storage directory path=/kvroot/data directory size=10,737,418,240 log directory path =/kvroot/logs log directory size = 0 heapMB=1,392 cachePercent=70 cacheSize=unspecified -XX:ParallelGCThreads=70
2026-03-18 13:33:44.233 UTC INFO [admin1] Checking status of system tables
2026-03-18 13:33:45.573 UTC INFO [admin1] Monitor collector: adding rg3-rn1 to monitoring
2026-03-18 13:33:45.585 UTC INFO [admin1] Plan 18 [Deploy Topo] task [DeployNewRN rg3-rn1 on sn3(sn3:5000)] [11] ended, state=SUCCEEDED
2026-03-18 13:33:45.585 UTC INFO [admin1] Plan 18 [Deploy Topo] task [UpdateNthRNHelperHost] [12] started
2026-03-18 13:33:45.587 UTC INFO [admin1] Changing helperHost for rg3-rn1 in metadata database  to sn3:5050
2026-03-18 13:33:45.596 UTC INFO [admin1] [rg3-rn1] Service status: STARTING 2026-03-18 13:33:43 UTC
2026-03-18 13:33:45.596 UTC INFO [admin1] [rg3-rn1] Service status: RUNNING 2026-03-18 13:33:44 UTC
2026-03-18 13:33:45.613 UTC INFO [admin1] Changed helperHost for rg3-rn1 on sn3 to sn3:5050
2026-03-18 13:33:45.623 UTC INFO [admin1] Plan 18 [Deploy Topo] task [UpdateNthRNHelperHost] [12] ended, state=SUCCEEDED
2026-03-18 13:33:45.623 UTC INFO [admin1] Plan 18 [Deploy Topo] task [NewNthRNParameters] [13] started
2026-03-18 13:33:45.675 UTC INFO [admin1] Plan 18 [Deploy Topo] task [NewNthRNParameters] [13] ended, state=SUCCEEDED
2026-03-18 13:33:45.676 UTC INFO [admin1] Plan 18 [Deploy Topo] task [BroadcastTopo] [14] started
2026-03-18 13:33:45.677 UTC INFO [admin1] Broadcasting topology seq# 10, changes for plan 18
2026-03-18 13:33:45.751 UTC INFO [admin1] Plan 18 [Deploy Topo] task [BroadcastTopo] [14] ended, state=SUCCEEDED
2026-03-18 13:33:45.752 UTC INFO [admin1] Plan 18 [Deploy Topo] task [BroadcastMetadata] [15] started
2026-03-18 13:33:45.762 UTC INFO [admin1] Plan 18 [Deploy Topo] task [BroadcastMetadata] [15] ended, state=SUCCEEDED
2026-03-18 13:33:45.762 UTC INFO [admin1] Plan 18 [Deploy Topo] task [AddPartitions totalPartitions=6] [16] started
2026-03-18 13:33:45.767 UTC INFO [admin1] Broadcasting topology seq# 16, changes for Initializing new partitions
2026-03-18 13:33:45.853 UTC INFO [admin1] Plan 18 [Deploy Topo] task [AddPartitions totalPartitions=6] [16] ended, state=SUCCEEDED
2026-03-18 13:33:45.853 UTC INFO [admin1] Plan 18 [Deploy Topo] task [BroadcastTopo] [17] started
2026-03-18 13:33:45.854 UTC INFO [admin1] Broadcasting topology seq# 16, changes for plan 18
2026-03-18 13:33:45.887 UTC INFO [admin1] Plan 18 [Deploy Topo] task [BroadcastTopo] [17] ended, state=SUCCEEDED
2026-03-18 13:33:45.893 UTC INFO [admin1] Plan 18 [Deploy Topo] ended, state=SUCCEEDED
2026-03-18 13:33:46.234 UTC INFO [admin1] Checking status of system tables
2026-03-18 13:33:48.238 UTC INFO [admin1] Checking status of system tables
2026-03-18 13:33:48.261 UTC INFO [admin1] Plan 19 [SYS$Add index to system table SYS$TableMetadata:SeqIndex] successful broadcast to all groups of TABLE metadata seq# 13, for StartAddIndex SYS$TableMetadata:SeqIndex, attempts=2
2026-03-18 13:33:48.268 UTC INFO [admin1] Plan 19 [SYS$Add index to system table SYS$TableMetadata:SeqIndex] task [StartAddIndex SYS$TableMetadata:SeqIndex] [1] ended, state=SUCCEEDED
2026-03-18 13:33:48.269 UTC INFO [admin1] Plan 19 [SYS$Add index to system table SYS$TableMetadata:SeqIndex] task [WaitForAddIndex SYS$TableMetadata:SeqIndex on rg1] [2] started
2026-03-18 13:33:48.303 UTC INFO [admin1] Plan 19 [SYS$Add index to system table SYS$TableMetadata:SeqIndex] task [WaitForAddIndex SYS$TableMetadata:SeqIndex on rg1] done=true
2026-03-18 13:33:48.308 UTC INFO [admin1] Plan 19 [SYS$Add index to system table SYS$TableMetadata:SeqIndex] task [WaitForAddIndex SYS$TableMetadata:SeqIndex on rg1] [2] ended, state=SUCCEEDED
2026-03-18 13:33:48.309 UTC INFO [admin1] Plan 19 [SYS$Add index to system table SYS$TableMetadata:SeqIndex] task [CompleteAddIndex SYS$TableMetadata:SeqIndex] [3] started
2026-03-18 13:33:48.314 UTC INFO [admin1] Plan 19 [SYS$Add index to system table SYS$TableMetadata:SeqIndex] broadcasting TableMetadata[14, n:-, t:12, 14] for CompleteAddIndex SYS$TableMetadata:SeqIndex
2026-03-18 13:33:48.379 UTC INFO [admin1] Plan 19 [SYS$Add index to system table SYS$TableMetadata:SeqIndex] successful broadcast to all groups of TABLE metadata seq# 14, for CompleteAddIndex SYS$TableMetadata:SeqIndex, attempts=1
2026-03-18 13:33:48.387 UTC INFO [admin1] Plan 19 [SYS$Add index to system table SYS$TableMetadata:SeqIndex] task [CompleteAddIndex SYS$TableMetadata:SeqIndex] [3] ended, state=SUCCEEDED
2026-03-18 13:33:48.390 UTC INFO [admin1] Plan 19 [SYS$Add index to system table SYS$TableMetadata:SeqIndex] ended, state=SUCCEEDED
2026-03-18 13:33:50.242 UTC INFO [admin1] Checking status of system tables
2026-03-18 13:33:50.247 UTC INFO [admin1] Exit Thread[System table monitor,5,main]
2026-03-18 13:34:36.597 UTC INFO [admin1] SoftwareVersionUpdater: resetting interval to: 3600000 milliseconds (1 agents)
2026-03-18 13:39:31.520 UTC INFO [admin1] Plan 20 [CreateTable users] approved
2026-03-18 13:39:31.522 UTC INFO [admin1] Plan 20 [CreateTable users] started, 1 tasks
2026-03-18 13:39:31.530 UTC INFO [admin1] Plan 20 [CreateTable users] task [AddTable users] [1] started
2026-03-18 13:39:31.536 UTC INFO [admin1] Enabling system table writes, topo 16
2026-03-18 13:39:31.536 UTC INFO [admin1] Starting Thread[System table monitor,5,main]
2026-03-18 13:39:31.537 UTC INFO [admin1] Checking status of system tables
2026-03-18 13:39:31.539 UTC INFO [admin1] Verifying table system table against TableMetadata[15, n:-, t:13, 15]
2026-03-18 13:39:31.568 UTC INFO [admin1] Topology updated from seq#: 0 to 16
2026-03-18 13:39:31.570 UTC INFO [admin1] Cached topology with sequence number 16
2026-03-18 13:39:31.586 UTC INFO [admin1] Thread[ c-6943593705649973627 RepNodeStateUpdateThread,5,main] started
2026-03-18 13:39:31.587 UTC INFO [admin1] Topology update skipped. Current seq #: 16 Update seq #: 16
2026-03-18 13:39:31.602 UTC INFO [admin1] Establishing RMI connection for admin DDL
2026-03-18 13:39:31.618 UTC INFO [admin1] Establishing RMI connection for admin DDL
2026-03-18 13:39:31.687 UTC INFO [admin1] Verify found 13 tables, 0 namspaces, 0 regions in need of updating, 0 DELETED markers
2026-03-18 13:39:31.904 UTC INFO [admin1] Plan 20 [CreateTable users] broadcasting TableMetadata[15, n:-, t:13, 15] for AddTable users
2026-03-18 13:39:31.977 UTC INFO [admin1] Plan 20 [CreateTable users] successful broadcast to all groups of TABLE metadata seq# 15, for AddTable users, attempts=1
2026-03-18 13:39:31.995 UTC INFO [admin1] Plan 20 [CreateTable users] task [AddTable users] [1] ended, state=SUCCEEDED
2026-03-18 13:39:32.003 UTC INFO [admin1] Plan 20 [CreateTable users] ended, state=SUCCEEDED
2026-03-18 13:39:32.016 UTC INFO [admin1] Verifying table system table successful, GCseq#=1
2026-03-18 13:39:32.016 UTC INFO [admin1] Exit Thread[System table monitor,5,main]
