2026-03-18 13:33:41.054 UTC INFO [rg2-rn1] Starting service process: rg2-rn1, Java command line arguments: [-XX:ThreadPriorityPolicy=1, -XX:+UnlockExperimentalVMOptions, -XX:+EnableJVMCIProduct, -XX:-UnlockExperimentalVMOptions, -XX:+UseLargePages, -Dje.rep.skipHelperHostResolution=true, -XX:CompileCommand=exclude,oracle/kv/impl/rep/table/TableManager.getSecondaryDB, -XX:CompileCommand=exclude,oracle/kv/impl/rep/table/TableManager.updateIndexKeyCreator, -XX:+UseG1GC, -XX:MaxGCPauseMillis=100, -XX:InitiatingHeapOccupancyPercent=85, -XX:G1HeapRegionSize=32m, -XX:G1MixedGCCountTarget=12, -XX:G1RSetRegionEntries=2560, -XX:G1HeapWastePercent=5, -XX:-ResizePLAB, -XX:+DisableExplicitGC, -Xlog:all=warning,gc*=info,safepoint=info:file=/kvroot/logs/rg2-rn1.gc:utctime:filecount=10,filesize=5242880, -XX:-OmitStackTraceInFastThrow, -Xms1392M, -Xmx1392M, -XX:ParallelGCThreads=2, -XX:ConcGCThreads=2, -Djava.security.properties=/kvroot/mystore/sn2/security-property/rg2-rn1-security.properties, -Djava.util.logging.config.file=/kvroot/mystore/log/config.rg2-rn1]
2026-03-18 13:33:41.052 UTC INFO [rg2-rn1] Non-compressing file handler: Created with limit=5242880 count=20
2026-03-18 13:33:41.060 UTC INFO [rg2-rn1] Setting java.net.InetAddress cache ttl to: networkaddress.cache.ttl=10, networkaddress.cache.negative.ttl=10
2026-03-18 13:33:41.175 UTC INFO [rg2-rn1] Thread[ rg2-rn1 RepNodeStateUpdateThread,5,main] started
2026-03-18 13:33:41.206 UTC INFO [rg2-rn1] Software versions: NoSQL version: 25.3.21 2025-12-19 19:10:14 UTC  Build id: 60eebbcaec4d Edition: Community, JE version: 25.3.17, Java version: 17.0.9
2026-03-18 13:33:41.212 UTC INFO [rg2-rn1] Created new environment dir: /kvroot/data/rg2-rn1/env
2026-03-18 13:33:41.214 UTC INFO [rg2-rn1] Storage type of: /kvroot/data/rg2-rn1/env is UNKNOWN
2026-03-18 13:33:41.219 UTC INFO [rg2-rn1] SN memory allocation parameters: rnHeapPercent:68 jvmOverheadPercent:25 javaAllMemoryPercent:85 snMemorySizeMB:2048 snCapacity:1 rnMaxHeapMB:1392 allRNsMaxHeapMB:1392
2026-03-18 13:33:41.220 UTC INFO [rg2-rn1] JVM Runtime maxMemory:1,441,792 kB JE cache size:0 kB
2026-03-18 13:33:41.220 UTC INFO [rg2-rn1] Environment variable MALLOC_ARENA_MAX: 1
2026-03-18 13:33:41.224 UTC INFO [rg2-rn1] Non-default JE properties for environment: {je.cleaner.threads=2, je.evictor.criticalPercentage=20, je.cleaner.minUtilization=40, je.log.numBuffers=16, je.rep.feederTimeout=10 s, je.lock.timeout=10 s, je.rep.preHeartbeatTimeoutMs=5000 ms, je.env.runVerifier=false, je.cleaner.readSize=1048576, je.log.writeQueueSize=2097152, je.rep.replicaAckTimeout=5 s, je.log.fileCacheSize=2000, je.log.iteratorReadSize=1048576, je.log.fileMax=1073741824, je.lock.nLockTables=97, je.env.runEvictor=true, je.rep.replicaTimeout=10 s, je.rep.consistencyPolicy=NoConsistencyRequiredPolicy, je.rep.ignoreSecondaryNodeId=true, je.cleaner.minFileUtilization=5, je.rep.envUnknownStateTimeout=10 s, je.txn.durability=write_no_sync,write_no_sync,simple_majority, je.log.faultReadSize=4096, je.rep.replayMaxOpenDbHandles=100, je.rep.vlsn.distance=1000000, je.rep.vlsn.logCacheSize=128, je.nodeMaxEntries=128}
2026-03-18 13:33:41.225 UTC INFO [rg2-rn1] DataChannelFactory: basic
2026-03-18 13:33:41.235 UTC INFO [rg2-rn1] Table manager created (max change history=1,000)
2026-03-18 13:33:41.261 UTC INFO [rg2-rn1] Partition database cache mode: EVICT_LN
2026-03-18 13:33:41.276 UTC INFO [rg2-rn1] Starting task: interval is 20 SECONDS, delay is 18728(ms)
2026-03-18 13:33:41.305 UTC INFO [rg2-rn1] Request type ALL is enabled
2026-03-18 13:33:41.311 UTC INFO [rg2-rn1] Thread[ rg2-rn1 MetadataUpdateThread,5,main] started
2026-03-18 13:33:41.316 UTC INFO [rg2-rn1] Registering GC listener with G1 Young Generation
2026-03-18 13:33:41.316 UTC INFO [rg2-rn1] Registering GC listener with G1 Old Generation
2026-03-18 13:33:41.323 UTC INFO [rg2-rn1] Coordinating tasks:JEDataEviction, JEVerifyLog, JEDataErasure, KVStorageStats, JEBackupManagerCopyLogFile, JELogFlusherASync, JELogFlusherSync, JEINCompressor, JEINCheckpointer, JECleaner, JEVerifyBtree, JEOutputStats, KVIndexCreationMax real permits:22
2026-03-18 13:33:41.328 UTC INFO [rg2-rn1] LIFECYCLE Service status change: from=INITIAL to=STARTING
2026-03-18 13:33:41.328 UTC INFO [rg2-rn1] Starting RepNodeService
2026-03-18 13:33:41.338 UTC INFO [rg2-rn1] Starting RN MonitorAgent.  Server socket factory:<ClearServerSocketFactory backlog=1024 portRange=5041,5069 acceptMaxActiveConns=8192 useAsync> Client socket connect factory: <ClientSocketFactory name=mystore|rn|monitor id=-799655300 connectMs=10000 readMs=10000 clientId=none localAddr=none>
2026-03-18 13:33:41.471 UTC INFO [rg2-rn1] mystore:rg2-rn1:MONITOR service port: 5043
2026-03-18 13:33:41.507 UTC INFO [rg2-rn1] Starting MonitorAgent
2026-03-18 13:33:41.527 UTC INFO [rg2-rn1] Successfully created secure proxy for the repnode admin
2026-03-18 13:33:41.555 UTC INFO [rg2-rn1] mystore:rg2-rn1:ADMIN service port: 5043
2026-03-18 13:33:41.561 UTC INFO [rg2-rn1] RepNodeAdmin registered
2026-03-18 13:33:41.647 UTC INFO [rg2-rn1] JE: Coordinating tasks:JEBackupManagerCopyLogFile, JELogFlusherASync, JEDataEviction, JELogFlusherSync, JEINCompressor, JEINCheckpointer, JECleaner, JEVerifyBtree, JEOutputStats, JEVerifyLog, JEDataErasureMax real permits:20
2026-03-18 13:33:41.820 UTC INFO [rg2-rn1] JE: Ack expiry timer period:1000000000 ns
2026-03-18 13:33:41.853 UTC INFO [rg2-rn1] JE recovery: POPULATE_UTILIZATION_PROFILE
2026-03-18 13:33:41.871 UTC INFO [rg2-rn1] JE recovery: POPULATE_EXPIRATION_PROFILE
2026-03-18 13:33:41.879 UTC INFO [rg2-rn1] JE recovery: CKPT
2026-03-18 13:33:41.880 UTC INFO [rg2-rn1] JE: Checkpoint Start.Checkpoint Id=1
2026-03-18 13:33:41.895 UTC INFO [rg2-rn1] JE: ERASER transferred suspect obsolete offsets to global tracker. Total offsets transferred: 0
2026-03-18 13:33:41.897 UTC INFO [rg2-rn1] JE: Checkpoint End. Checkpoint Id=1 success=true
2026-03-18 13:33:41.903 UTC INFO [rg2-rn1] JE recovery: RECOVERY_FINISHED
2026-03-18 13:33:41.903 UTC INFO [rg2-rn1] JE: The following ConfigParam(s) in je.properties is/are deprecated and removed, hence the configuration(s) won't take any effect: je.rep.txnRollbackLimit, je.rep.preserveRecordVersion, je.rep.txnRollbackDisabled
2026-03-18 13:33:41.904 UTC INFO [rg2-rn1] JE: ERASER initializing new cycle. Total files: 0
2026-03-18 13:33:41.910 UTC INFO [rg2-rn1] JE: ERASER new cycle started. Cycle start: 2026-03-18 13:33:41.902 UTC, end: 2026-03-24 13:33:41.902 UTC, filesCompleted: [], filesRemaining: [].
2026-03-18 13:33:41.910 UTC INFO [rg2-rn1] JE: ERASER cycle completed. Cycle start: 2026-03-18 13:33:41.902 UTC, end: 2026-03-24 13:33:41.902 UTC, filesCompleted: [], filesRemaining: [].
2026-03-18 13:33:41.915 UTC INFO [rg2-rn1] JE: No server auth method
2026-03-18 13:33:41.916 UTC INFO [rg2-rn1] JE: Started ServiceDispatcher. HostPort=sn2:5030
2026-03-18 13:33:41.916 UTC INFO [rg2-rn1] JE: DataChannel factory: com.sleepycat.je.rep.utilint.net.SimpleChannelFactory
2026-03-18 13:33:41.957 UTC INFO [rg2-rn1] JE: DTVLSN at start:0
2026-03-18 13:33:41.960 UTC INFO [rg2-rn1] JE: State change from DETACHED to UNKNOWN with masterId=NullNode(-1), masterTerm=0(NULL_TERM)
2026-03-18 13:33:41.971 UTC INFO [rg2-rn1] JE: Learner started
2026-03-18 13:33:41.973 UTC INFO [rg2-rn1] JE: Acceptor started
2026-03-18 13:33:41.974 UTC INFO [rg2-rn1] JE: Current group size: 0
2026-03-18 13:33:41.974 UTC INFO [rg2-rn1] JE: The very first group start up with node rg2-rn1(-1)
2026-03-18 13:33:41.987 UTC INFO [rg2-rn1] JE: rg2-rn1 persisted to election state file: {"promisedProposal":"00000179cf2b6c00179cf2b6c00(MIN_TERM)"}
2026-03-18 13:33:41.987 UTC INFO [rg2-rn1] JE: rg2-rn1 no barrier needed, initialized promised term to 179cf2b6c00(MIN_TERM)
2026-03-18 13:33:41.996 UTC INFO [rg2-rn1] JE: Learner notified. Proposal:0000019d0126eee4:a023683e91d5415b6695d285a78fcc70:00000001[19d0126eee4(2026-03-18T13:33:41.988Z)] Value: Value:sn2$$$5030$$$rg2-rn1$$$1
2026-03-18 13:33:41.997 UTC INFO [rg2-rn1] JE: Master changed to rg2-rn1 at term 19d0126eee4(2026-03-18T13:33:41.988Z), group status: empty.
2026-03-18 13:33:41.997 UTC INFO [rg2-rn1] JE: Nascent group. rg2-rn1 is master by virtue of being the first node.
2026-03-18 13:33:41.998 UTC INFO [rg2-rn1] JE: State change from UNKNOWN to MASTER with masterId=rg2-rn1(1), masterTerm=19d0126eee4(2026-03-18T13:33:41.988Z)
2026-03-18 13:33:42.041 UTC INFO [rg2-rn1] JE: Successfully added node:rg2-rn1(1) HostPort = sn2: 5030 [ELECTABLE]
2026-03-18 13:33:42.042 UTC INFO [rg2-rn1] JE recovery: BECOME_CONSISTENT
2026-03-18 13:33:42.043 UTC INFO [rg2-rn1] JE: Node rg2-rn1 started
2026-03-18 13:33:42.044 UTC INFO [rg2-rn1] JE: State change from MASTER to UNKNOWN with masterId=NullNode(-1), masterTerm=0(NULL_TERM)
2026-03-18 13:33:42.045 UTC INFO [rg2-rn1] JE: State change from UNKNOWN to MASTER with masterId=rg2-rn1(1), masterTerm=19d0126eee4(2026-03-18T13:33:41.988Z)
2026-03-18 13:33:42.064 UTC INFO [rg2-rn1] JE: Feeder manager accepting requests.
2026-03-18 13:33:42.065 UTC INFO [rg2-rn1] JE: Joining group as master
2026-03-18 13:33:42.079 UTC INFO [rg2-rn1] Opened JE environment: 25.3.17 JVM max heap: 1,476,395,008 JE properties:  nodeName=null allowCreate=true recoveryProgressListener=true classLoader=false customStats=false cacheSize=1033476505 cacheMode=EVICT_LN exceptionListener=false map={je.log.numBuffers=16, je.maxMemory=0, je.rep.preHeartbeatTimeoutMs=5000 ms, je.rep.replicaAckTimeout=5 s, je.log.fileCacheSize=2000, je.log.iteratorReadSize=1048576, je.lock.nLockTables=97, je.rep.nodeName=rg2-rn1, je.file.logging.directory=/kvroot/logs, je.rep.ignoreSecondaryNodeId=true, je.env.runEraser=true, je.rep.envUnknownStateTimeout=10 s, je.rep.vlsn.logCacheSize=128, je.rep.groupName=rg2, je.evictor.criticalPercentage=20, je.maxDisk=10737418240, je.rep.feederTimeout=10 s, je.lock.timeout=10 s, je.checkpointer.bytesInterval=500000000, je.env.isTransactional=true, je.maxMemoryPercent=70, je.txn.durability=write_no_sync,write_no_sync,simple_majority, je.log.faultReadSize=4096, je.rep.node.priority=1, je.cleaner.minUtilization=40, je.rep.disableAuthoritativeMaster=false, je.rep.electableGroupSizeOverride=0, je.file.logging.prefix=rg2-rn1, je.erase.period=6 DAYS, je.log.fileMax=1073741824, je.env.runEvictor=true, je.cleaner.minFileUtilization=5, je.rep.replayMaxOpenDbHandles=100, je.rep.vlsn.distance=1000000, je.nodeMaxEntries=128, je.rep.nodeHostPort=sn2:5030, je.cleaner.threads=2, je.env.runVerifier=false, je.cleaner.readSize=1048576, je.log.writeQueueSize=2097152, je.rep.helperHosts=sn2:5030, je.rep.replicaTimeout=10 s, je.rep.consistencyPolicy=NoConsistencyRequiredPolicy, je.rep.nodeType=ELECTABLE}
2026-03-18 13:33:42.094 UTC INFO [rg2-rn1] Local Environment version updated to: 25.3.21 2025-12-19 19:10:14 UTC  Build id: 60eebbcaec4d Edition: Community Previous version:  none
2026-03-18 13:33:42.096 UTC INFO [rg2-rn1] LIFECYCLE Replication state change: state=MASTER type=ELECTABLE master=rg2-rn1 time=2026-03-18 13:33:42.044 UTC
2026-03-18 13:33:42.096 UTC INFO [rg2-rn1] MigrationStateTracker-serviceId-rg2-rn1 queue added:MASTER
2026-03-18 13:33:42.096 UTC INFO [rg2-rn1] TableManagerStateTracker-serviceId-rg2-rn1 queue added:MASTER
2026-03-18 13:33:42.096 UTC INFO [rg2-rn1] MasterBalanceStateTracker-serviceId-rg2-rn1 queue added:MASTER
2026-03-18 13:33:42.096 UTC INFO [rg2-rn1] TextIndexFeederStateTracker-serviceId-rg2-rn1 queue added:MASTER
2026-03-18 13:33:42.099 UTC INFO [rg2-rn1] Replicated environment handle established. Cache size: 1033476505, State: MASTER
2026-03-18 13:33:42.100 UTC INFO [rg2-rn1] Store did not contain a topology
2026-03-18 13:33:42.100 UTC INFO [rg2-rn1] MasterBalanceStateTracker-serviceId-rg2-rn1 thread start: rg2-rn1
2026-03-18 13:33:42.100 UTC INFO [rg2-rn1] TableManagerStateTracker-serviceId-rg2-rn1 thread start: rg2-rn1
2026-03-18 13:33:42.100 UTC INFO [rg2-rn1] MigrationStateTracker-serviceId-rg2-rn1 thread start: rg2-rn1
2026-03-18 13:33:42.101 UTC INFO [rg2-rn1] TextIndexFeederStateTracker-serviceId-rg2-rn1 thread start: rg2-rn1
2026-03-18 13:33:42.101 UTC INFO [rg2-rn1] Topology needs to be pushed to this node.
2026-03-18 13:33:42.101 UTC INFO [rg2-rn1] TIF received state change MASTER
2026-03-18 13:33:42.101 UTC INFO [rg2-rn1] no text index found, skip starting TIF.
2026-03-18 13:33:42.100 UTC INFO [rg2-rn1] Table manager change state to MASTER
2026-03-18 13:33:42.101 UTC INFO [rg2-rn1] Migration manager change state to MASTER.
2026-03-18 13:33:42.104 UTC INFO [rg2-rn1] Starting Thread[KV table maintenance,5,main]
2026-03-18 13:33:42.115 UTC INFO [rg2-rn1] Migration db opened: MigrationDB, generation db opened: PartitionGenMD
2026-03-18 13:33:42.119 UTC INFO [rg2-rn1] mystore:rg2-rn1:MAIN service port: 5043
2026-03-18 13:33:42.119 UTC INFO [rg2-rn1] Migration service accepting requests.
2026-03-18 13:33:42.122 UTC INFO [rg2-rn1] Retrying to update migration services and generation table on state change, last failure: Partition generation table is unavailable
2026-03-18 13:33:42.123 UTC INFO [rg2-rn1] No RN Login configured. 
2026-03-18 13:33:42.127 UTC INFO [rg2-rn1] Start statistics gathering: Thread[Key Stats Gather Thread,5,main]
2026-03-18 13:33:42.127 UTC INFO [rg2-rn1] LIFECYCLE Service status change: from=STARTING to=RUNNING
2026-03-18 13:33:42.127 UTC INFO [rg2-rn1] Topology not immediately available - waiting
2026-03-18 13:33:42.133 UTC INFO [rg2-rn1] Started RepNodeService
2026-03-18 13:33:42.950 UTC INFO [rg2-rn1] Localized topology (8, 0)
2026-03-18 13:33:42.950 UTC INFO [rg2-rn1] Topology updated from seq#: 0 to 8
2026-03-18 13:33:42.953 UTC INFO [rg2-rn1] Cached topology with sequence number 8
2026-03-18 13:33:42.955 UTC INFO [rg2-rn1] Open SecurityMetadata DB
2026-03-18 13:33:42.958 UTC INFO [rg2-rn1] [PGT-rg2-rn1] Initialize partition generation table from db
2026-03-18 13:33:42.961 UTC INFO [rg2-rn1] [PGDB-rg2-rn1] Finish scan db=PartitionGenMDrecords #scanned=0, #returned=0
2026-03-18 13:33:42.963 UTC INFO [rg2-rn1] Open TableMetadata DB
2026-03-18 13:33:42.964 UTC INFO [rg2-rn1] Establishing secondary database handles, table seq#: 0
2026-03-18 13:33:42.966 UTC INFO [rg2-rn1] Established 0 secondary database handles
2026-03-18 13:33:42.966 UTC INFO [rg2-rn1] Establishing secondary database handles, table seq#: 0
2026-03-18 13:33:42.967 UTC INFO [rg2-rn1] Partition update succeeded. Established 0 partition database handles, topology (8, 0). 
2026-03-18 13:33:42.971 UTC INFO [rg2-rn1] Topology stored seq# 8
2026-03-18 13:33:42.982 UTC INFO [rg2-rn1] Updating table metadata with TableMetadata[13, n:-, t:12, 13]
2026-03-18 13:33:43.003 UTC INFO [rg2-rn1] Metadata stored: TableMetadata[13, n:-, t:12, 13]
2026-03-18 13:33:43.005 UTC INFO [rg2-rn1] Starting Thread[KV table maintenance,5,main]
2026-03-18 13:33:43.006 UTC INFO [rg2-rn1] Establishing secondary database handles, table seq#: 13
2026-03-18 13:33:43.036 UTC INFO [rg2-rn1] Established 1 secondary database handles
2026-03-18 13:33:43.037 UTC INFO [rg2-rn1] Running secondary population
2026-03-18 13:33:43.043 UTC INFO [rg2-rn1] Completed populating secondary database(s)
2026-03-18 13:33:43.098 UTC INFO [rg2-rn1] newParameters are identical to old parameters
2026-03-18 13:33:43.122 UTC INFO [rg2-rn1] [PGDB-rg2-rn1] Finish scan db=PartitionGenMDrecords #scanned=0, #returned=0
2026-03-18 13:33:45.728 UTC INFO [rg2-rn1] Localized topology (10, 1)
2026-03-18 13:33:45.729 UTC INFO [rg2-rn1] Cached topology with sequence number 10
2026-03-18 13:33:45.729 UTC INFO [rg2-rn1] Topology incrementally updated from seq#: 8 to 10
2026-03-18 13:33:45.730 UTC INFO [rg2-rn1] Starting Thread[KV table maintenance,5,main]
2026-03-18 13:33:45.730 UTC INFO [rg2-rn1] Establishing secondary database handles, table seq#: 13
2026-03-18 13:33:45.730 UTC INFO [rg2-rn1] Partition update succeeded. Established 0 partition database handles, topology (10, 1). 
2026-03-18 13:33:45.731 UTC INFO [rg2-rn1] Established 1 secondary database handles
2026-03-18 13:33:45.732 UTC INFO [rg2-rn1] Topology stored seq# 10
2026-03-18 13:33:45.808 UTC INFO [rg2-rn1] Localized topology (16, 2)
2026-03-18 13:33:45.809 UTC INFO [rg2-rn1] Cached topology with sequence number 16
2026-03-18 13:33:45.809 UTC INFO [rg2-rn1] Topology incrementally updated from seq#: 10 to 16
2026-03-18 13:33:45.811 UTC INFO [rg2-rn1] Starting Thread[KV table maintenance,5,main]
2026-03-18 13:33:45.811 UTC INFO [rg2-rn1] Establishing secondary database handles, table seq#: 13
2026-03-18 13:33:45.816 UTC INFO [rg2-rn1] Topology stored seq# 16
2026-03-18 13:33:45.818 UTC INFO [rg2-rn1] Established 1 secondary database handles
2026-03-18 13:33:45.818 UTC INFO [rg2-rn1] Partition update succeeded. Established 2 partition database handles, topology (16, 2). Updated partition database handles: [PARTITION-3,PARTITION-4]. 
2026-03-18 13:33:46.153 UTC INFO [rg2-rn1] Establishing RMI connection for admin DDL
2026-03-18 13:33:46.201 UTC INFO [rg2-rn1] Establishing RMI connection for admin DDL
2026-03-18 13:33:46.212 UTC INFO [rg2-rn1] Establishing RMI connection for admin DDL
2026-03-18 13:33:48.357 UTC INFO [rg2-rn1] Metadata stored: TableMetadata[14, n:-, t:12, 14]
2026-03-18 13:33:48.358 UTC INFO [rg2-rn1] Starting Thread[KV table maintenance,5,main]
2026-03-18 13:33:48.358 UTC INFO [rg2-rn1] Establishing secondary database handles, table seq#: 14
2026-03-18 13:33:48.359 UTC INFO [rg2-rn1] Established 1 secondary database handles
2026-03-18 13:34:00.078 UTC INFO [rg2-rn1] Obtained DialogEndpointGroupPerf with 11 endpoints and estimated 55000 bytes; next obtain after 317 seconds
2026-03-18 13:34:00.109 UTC INFO [rg2-rn1] Obtained NioChannelThreadPoolPerf with 4 executors, 17 handlers and estimated 35200 bytes; next obtain after 203 seconds
2026-03-18 13:39:31.953 UTC INFO [rg2-rn1] Metadata stored: TableMetadata[15, n:-, t:13, 15]
2026-03-18 13:39:31.957 UTC INFO [rg2-rn1] Starting Thread[KV table maintenance,5,main]
2026-03-18 13:39:31.957 UTC INFO [rg2-rn1] Establishing secondary database handles, table seq#: 15
2026-03-18 13:39:31.959 UTC INFO [rg2-rn1] Established 1 secondary database handles
2026-03-18 13:39:36.989 UTC INFO [rg2-rn1] The next key stats scan interval begins at 2026-03-19 00:00:00.000 UTC
2026-03-18 13:40:35.213 UTC INFO [rg2-rn1] JE: Updated minimum JE group version to 6.5.0
2026-03-18 13:40:37.121 UTC INFO [rg2-rn1] Key stats scan took 132ms to scan 10 records
