2026-03-18 13:33:37.636 UTC INFO [sn3] LIFECYCLE Service status change: from=WAITING_FOR_DEPLOY to=STARTING
2026-03-18 13:33:37.611 UTC INFO [sn3] Non-compressing file handler: Created with limit=5242880 count=20
2026-03-18 13:33:37.637 UTC INFO [sn3] Starting StorageNodeAgent for mystore
2026-03-18 13:33:37.637 UTC INFO [sn3] Software versions: NoSQL version: 25.3.21 2025-12-19 19:10:14 UTC  Build id: 60eebbcaec4d Edition: Community, JE version: 25.3.17, Java version: 17.0.9
2026-03-18 13:33:37.637 UTC INFO [sn3] SNA process command line: /usr/lib64/graalvm/graalvm-community-java17/bin/java -Xmx256m -Xms128m -jar lib/kvstore.jar start -root /kvroot
2026-03-18 13:33:37.789 UTC INFO [sn3] Create collector service and register parameter listeners successfully.
2026-03-18 13:33:37.794 UTC INFO [sn3] Started MasterRebalanceThread
2026-03-18 13:33:37.801 UTC INFO [sn3] Starting MonitorAgent.  Server socket factory:<ClearServerSocketFactory backlog=1024 portRange=5061,5089 acceptMaxActiveConns=0 useAsync> Client socket factory:<ClientSocketFactory name=mystore|sn|monitor id=-1771237254 connectMs=10000 readMs=5000 clientId=none localAddr=none>
2026-03-18 13:33:37.807 UTC INFO [sn3] mystore:sn3:MONITOR service port: 5061
2026-03-18 13:33:37.815 UTC INFO [sn3] Successfully created secure proxy for the storage node agent
2026-03-18 13:33:37.819 UTC INFO [sn3] mystore:sn3:MAIN service port: 5061
2026-03-18 13:33:37.821 UTC INFO [sn3] Rebound to registry port 5000 using name sn3 with SSF:<ClearServerSocketFactory backlog=1024 portRange=5061,5089 acceptMaxActiveConns=0 useAsync>
2026-03-18 13:33:37.821 UTC INFO [sn3] LIFECYCLE Service status change: from=STARTING to=RUNNING
2026-03-18 13:33:37.822 UTC INFO [sn3] Started StorageNodeAgent for mystore
2026-03-18 13:33:43.296 UTC INFO [sn3] rg3-rn1: Creating RepNode
2026-03-18 13:33:43.301 UTC INFO [sn3] LIFECYCLE Service monitor event: service=rg3-rn1 event=CREATE
2026-03-18 13:33:43.305 UTC INFO [sn3] rg3-rn1: Starting RepNode
2026-03-18 13:33:43.327 UTC INFO [sn3] Executing process with arguments: [/usr/lib64/graalvm/graalvm-community-java17/bin/java, -cp, lib/kvstore.jar, -XX:+UseLargePages, -Dje.rep.skipHelperHostResolution=true, -XX:CompileCommand=exclude,oracle/kv/impl/rep/table/TableManager.getSecondaryDB, -XX:CompileCommand=exclude,oracle/kv/impl/rep/table/TableManager.updateIndexKeyCreator, -XX:+UseG1GC, -XX:MaxGCPauseMillis=100, -XX:InitiatingHeapOccupancyPercent=85, -XX:G1HeapRegionSize=32m, -XX:G1MixedGCCountTarget=12, -XX:G1RSetRegionEntries=2560, -XX:G1HeapWastePercent=5, -XX:-ResizePLAB, -XX:+DisableExplicitGC, -Xlog:all=warning,gc*=info,safepoint=info:file=/kvroot/logs/rg3-rn1.gc:utctime:filecount=10,filesize=5242880, -XX:-OmitStackTraceInFastThrow, -Xms1392M, -Xmx1392M, -XX:ParallelGCThreads=2, -XX:ConcGCThreads=2, -Djava.security.properties=/kvroot/mystore/sn3/security-property/rg3-rn1-security.properties, -Djava.util.logging.config.file=/kvroot/mystore/log/config.rg3-rn1, oracle.kv.impl.sna.ManagedService, -root, /kvroot/mystore/sn3, -store, mystore, -class, RepNode, -service, rg3-rn1] with environment: {MALLOC_ARENA_MAX=1}
2026-03-18 13:33:43.331 UTC INFO [sn3] rg3-rn1: ProcessMonitor: startProcess
2026-03-18 13:33:43.332 UTC INFO [sn3] LIFECYCLE Service monitor event: service=rg3-rn1 event=START
2026-03-18 13:33:43.332 UTC INFO [sn3] rg3-rn1: Started RepNode
2026-03-18 13:33:43.333 UTC INFO [sn3] rg3-rn1: Configuring RepNode
2026-03-18 13:33:43.832 UTC INFO [sn3] rg3-rn1: ProcessMonitor: [0.002s][warning][pagesize] UseLargePages disabled, no large pages configured and available on the system.
2026-03-18 13:33:43.833 UTC INFO [sn3] rg3-rn1: ProcessMonitor: CompileCommand: exclude oracle/kv/impl/rep/table/TableManager.getSecondaryDB bool exclude = true
2026-03-18 13:33:43.833 UTC INFO [sn3] rg3-rn1: ProcessMonitor: CompileCommand: exclude oracle/kv/impl/rep/table/TableManager.updateIndexKeyCreator bool exclude = true
2026-03-18 13:33:44.170 UTC INFO [sn3] Updating service status, node: rg3-rn1, service status: STARTING
2026-03-18 13:33:44.678 UTC INFO [sn3] Updating replication state, node: rg3-rn1, replication state: MASTER
2026-03-18 13:33:44.710 UTC INFO [sn3] Updating service status, node: rg3-rn1, service status: RUNNING
2026-03-18 13:33:44.712 UTC INFO [sn3] rg3-rn1: ProcessMonitor: ManagedServiceStarted: rg3-rn1
2026-03-18 13:33:45.571 UTC INFO [sn3] rg3-rn1: Created RepNode
2026-03-18 13:33:45.604 UTC INFO [sn3] rg3-rn1: newRepNodeParameters called
2026-03-18 13:33:45.682 UTC INFO [sn3] noteState called
2026-03-18 13:33:45.682 UTC INFO [sn3] added:State RN:rg3-rn1 state: MASTER top seq num: 10
2026-03-18 13:33:45.687 UTC INFO [sn3] sn: sn3 state transition: State RN:rg3-rn1 state: MASTER top seq num: 10 active masters:[rg3-rn1] active replicas:0 replica leases:0
2026-03-18 13:33:45.687 UTC INFO [sn3] Acquiring initial topology from RNs
2026-03-18 13:33:45.705 UTC INFO [sn3] Topology acquired from RN: rg3-rn1 Topo seq#: 10
2026-03-18 13:34:45.726 UTC INFO [sn3] Topology acquired from RN: rg3-rn1 Topo seq#: 16
